Using pre-set license
Built from '2021.1/staging' branch; Version is '2021.1.17f1 (03b40fe07a36) revision 242703'; Using compiler version '192528614'; Build Type 'Release'
OS: 'Windows 10 Enterprise; OS build 19043.1348; Version 2009; 64bit' Language: 'en' Physical Memory: 16301 MB
BatchMode: 1, IsHumanControllingUs: 0, StartBugReporterOnCrash: 0, Is64bit: 1, IsPro: 0

 COMMAND LINE ARGUMENTS:
C:\Program Files\Unity 2021.1.17f1\Editor\Unity.exe
-adb2
-batchMode
-noUpm
-name
AssetImportWorker0
-projectPath
C:/Users/lthomas13/New Unity Project
-logFile
Logs/AssetImportWorker0.log
-srvPort
59041
Successfully changed project path to: C:/Users/lthomas13/New Unity Project
C:/Users/lthomas13/New Unity Project
Using Asset Import Pipeline V2.
Refreshing native plugins compatible for Editor in 109.72 ms, found 3 plugins.
Preloading 0 native plugins for Editor in 0.00 ms.
Initialize engine version: 2021.1.17f1 (03b40fe07a36)
[Subsystems] Discovering subsystems at path C:/Program Files/Unity 2021.1.17f1/Editor/Data/Resources/UnitySubsystems
[Subsystems] Discovering subsystems at path C:/Users/lthomas13/New Unity Project/Assets
GfxDevice: creating device client; threaded=0; jobified=0
Direct3D:
    Version:  Direct3D 11.0 [level 11.1]
    Renderer: NVIDIA GeForce GTX 970 (ID=0x13c2)
    Vendor:   NVIDIA
    VRAM:     4043 MB
    Driver:   27.21.14.5206
Initialize mono
Mono path[0] = 'C:/Program Files/Unity 2021.1.17f1/Editor/Data/Managed'
Mono path[1] = 'C:/Program Files/Unity 2021.1.17f1/Editor/Data/MonoBleedingEdge/lib/mono/unityjit'
Mono config path = 'C:/Program Files/Unity 2021.1.17f1/Editor/Data/MonoBleedingEdge/etc'
Using monoOptions --debugger-agent=transport=dt_socket,embedding=1,server=y,suspend=n,address=127.0.0.1:56936
Begin MonoManager ReloadAssembly
Registering precompiled unity dll's ...
Register platform support module: C:/Program Files/Unity 2021.1.17f1/Editor/Data/PlaybackEngines/WebGLSupport/UnityEditor.WebGL.Extensions.dll
Register platform support module: C:/Program Files/Unity 2021.1.17f1/Editor/Data/PlaybackEngines/WindowsStandaloneSupport/UnityEditor.WindowsStandalone.Extensions.dll
Registered in 0.002434 seconds.
Native extension for WindowsStandalone target not found
Native extension for WebGL target not found
Refreshing native plugins compatible for Editor in 91.91 ms, found 3 plugins.
Preloading 0 native plugins for Editor in 0.00 ms.
Mono: successfully reloaded assembly
- Completed reload, in  1.287 seconds
Domain Reload Profiling:
	ReloadAssembly (1287ms)
		BeginReloadAssembly (70ms)
			ExecutionOrderSort (0ms)
			DisableScriptedObjects (0ms)
			BackupInstance (0ms)
			ReleaseScriptingObjects (0ms)
			CreateAndSetChildDomain (1ms)
		EndReloadAssembly (482ms)
			LoadAssemblies (68ms)
			RebuildTransferFunctionScriptingTraits (0ms)
			SetupTypeCache (167ms)
			ReleaseScriptCaches (0ms)
			RebuildScriptCaches (34ms)
			SetupLoadedEditorAssemblies (229ms)
				LogAssemblyErrors (0ms)
				InitializePlatformSupportModulesInManaged (7ms)
				SetLoadedEditorAssemblies (0ms)
				RefreshPlugins (92ms)
				BeforeProcessingInitializeOnLoad (1ms)
				ProcessInitializeOnLoadAttributes (98ms)
				ProcessInitializeOnLoadMethodAttributes (30ms)
				AfterProcessingInitializeOnLoad (0ms)
				EditorAssembliesLoaded (0ms)
			ExecutionOrderSort2 (0ms)
			AwakeInstancesAfterBackupRestoration (0ms)
Platform modules already initialized, skipping
Registering precompiled user dll's ...
Registered in 0.005712 seconds.
Begin MonoManager ReloadAssembly
Symbol file LoadedFromMemory doesn't match image C:\Users\lthomas13\New Unity Project\Library\PackageCache\com.unity.visualscripting@1.6.1\Editor\VisualScripting.Core\Dependencies\YamlDotNet\Unity.VisualScripting.YamlDotNet.dll
Symbol file LoadedFromMemory doesn't match image C:\Users\lthomas13\New Unity Project\Library\PackageCache\com.unity.visualscripting@1.6.1\Editor\VisualScripting.Core\Dependencies\DotNetZip\Unity.VisualScripting.IonicZip.dll
Native extension for WindowsStandalone target not found
Native extension for WebGL target not found
Refreshing native plugins compatible for Editor in 0.63 ms, found 3 plugins.
Preloading 0 native plugins for Editor in 0.00 ms.
Mono: successfully reloaded assembly
- Completed reload, in  1.424 seconds
Domain Reload Profiling:
	ReloadAssembly (1424ms)
		BeginReloadAssembly (155ms)
			ExecutionOrderSort (0ms)
			DisableScriptedObjects (4ms)
			BackupInstance (0ms)
			ReleaseScriptingObjects (0ms)
			CreateAndSetChildDomain (21ms)
		EndReloadAssembly (1211ms)
			LoadAssemblies (101ms)
			RebuildTransferFunctionScriptingTraits (0ms)
			SetupTypeCache (373ms)
			ReleaseScriptCaches (1ms)
			RebuildScriptCaches (54ms)
			SetupLoadedEditorAssemblies (581ms)
				LogAssemblyErrors (0ms)
				InitializePlatformSupportModulesInManaged (5ms)
				SetLoadedEditorAssemblies (0ms)
				RefreshPlugins (1ms)
				BeforeProcessingInitializeOnLoad (82ms)
				ProcessInitializeOnLoadAttributes (483ms)
				ProcessInitializeOnLoadMethodAttributes (4ms)
				AfterProcessingInitializeOnLoad (5ms)
				EditorAssembliesLoaded (0ms)
			ExecutionOrderSort2 (0ms)
			AwakeInstancesAfterBackupRestoration (7ms)
Platform modules already initialized, skipping
========================================================================
Worker process is ready to serve import requests
Launched and connected shader compiler UnityShaderCompiler.exe after 0.08 seconds
Refreshing native plugins compatible for Editor in 1.15 ms, found 3 plugins.
Preloading 0 native plugins for Editor in 0.00 ms.
Unloading 3511 Unused Serialized files (Serialized files now loaded: 0)
System memory in use before: 141.8 MB.
System memory in use after: 142.0 MB.

Unloading 130 unused Assets to reduce memory usage. Loaded Objects now: 3952.
Total: 6.462300 ms (FindLiveObjects: 0.400600 ms CreateObjectMapping: 0.261400 ms MarkObjects: 5.509100 ms  DeleteObjects: 0.289600 ms)

AssetImportParameters requested are different than current active one (requested -> active):
  custom:framework-win-MediaFoundation: 216162199b28c13a410421893ffa2e32 -> 
  custom:video-decoder-ogg-theora: a1e56fd34408186e4bbccfd4996cb3dc -> 
  custom:container-muxer-webm: aa71ff27fc2769a1b78a27578f13a17b -> 
  custom:container-demuxer-webm: 4f35f7cbe854078d1ac9338744f61a02 -> 
  custom:container-demuxer-ogg: 62fdf1f143b41e24485cea50d1cbac27 -> 
  custom:video-encoder-webm-vp8: eb34c28f22e8b96e1ab97ce403110664 -> 
  custom:video-decoder-webm-vp8: 9c59270c3fd7afecdb556c50c9e8de78 -> 
  custom:audio-decoder-ogg-vorbis: bf7c407c2cedff20999df2af8eb42d56 -> 
  custom:audio-encoder-webm-vorbis: bf7c407c2cedff20999df2af8eb42d56 -> 
========================================================================
Received Import Request.
  path: Assets/Scprit/playermovement.cs
  artifactKey: Guid(4dbb1470e5efe1848b75ddd1d774f87f) Importer(815301076,1909f56bfc062723c751e8b465ee728b)
Start importing Assets/Scprit/playermovement.cs using Guid(4dbb1470e5efe1848b75ddd1d774f87f) Importer(815301076,1909f56bfc062723c751e8b465ee728b)  -> (artifact id: '2765abb5d50ab52607bd3a460b448cf4') in 0.035525 seconds 
========================================================================
Received Import Request.
  Time since last request: 650.163959 seconds.
  path: Assets/New Terrain.asset
  artifactKey: Guid(78fe9bb801bcd2540a9a7b5c4ec90278) Importer(815301076,1909f56bfc062723c751e8b465ee728b)
Start importing Assets/New Terrain.asset using Guid(78fe9bb801bcd2540a9a7b5c4ec90278) Importer(815301076,1909f56bfc062723c751e8b465ee728b)  -> (artifact id: 'a47fb65b3ded8ce82ee2a1858ce95204') in 0.019314 seconds 
========================================================================
Received Import Request.
  Time since last request: 60.827393 seconds.
  path: Assets/playmaterial.mat
  artifactKey: Guid(3f7bb0cb03931754995dacdb170d67b7) Importer(815301076,1909f56bfc062723c751e8b465ee728b)
Start importing Assets/playmaterial.mat using Guid(3f7bb0cb03931754995dacdb170d67b7) Importer(815301076,1909f56bfc062723c751e8b465ee728b)  -> (artifact id: 'dac666bc5d95bbbd388efb491c75eb13') in 0.089294 seconds 
========================================================================
Received Import Request.
  Time since last request: 109.395764 seconds.
  path: Assets/playmaterial.mat
  artifactKey: Guid(3f7bb0cb03931754995dacdb170d67b7) Importer(815301076,1909f56bfc062723c751e8b465ee728b)
Start importing Assets/playmaterial.mat using Guid(3f7bb0cb03931754995dacdb170d67b7) Importer(815301076,1909f56bfc062723c751e8b465ee728b)  -> (artifact id: 'd26636423108de68b63ab39d826ae22f') in 0.013629 seconds 
========================================================================
Received Prepare
Registering precompiled user dll's ...
Registered in 0.005544 seconds.
Begin MonoManager ReloadAssembly
Symbol file LoadedFromMemory doesn't match image C:\Users\lthomas13\New Unity Project\Library\PackageCache\com.unity.visualscripting@1.6.1\Editor\VisualScripting.Core\Dependencies\YamlDotNet\Unity.VisualScripting.YamlDotNet.dll
Symbol file LoadedFromMemory doesn't match image C:\Users\lthomas13\New Unity Project\Library\PackageCache\com.unity.visualscripting@1.6.1\Editor\VisualScripting.Core\Dependencies\DotNetZip\Unity.VisualScripting.IonicZip.dll
Native extension for WindowsStandalone target not found
Native extension for WebGL target not found
Refreshing native plugins compatible for Editor in 0.66 ms, found 3 plugins.
Preloading 0 native plugins for Editor in 0.00 ms.
Warning: Annotation not found!
UnityEngine.StackTraceUtility:ExtractStackTrace ()
UnityEditor.ProBuilder.EditorUtility:SetGizmoIconEnabled (System.Type,bool) (at Library/PackageCache/com.unity.probuilder@5.0.3/Editor/EditorCore/EditorUtility.cs:575)
UnityEditor.ProBuilder.HierarchyListener:.cctor () (at Library/PackageCache/com.unity.probuilder@5.0.3/Editor/EditorCore/HierarchyListener.cs:21)
System.Runtime.CompilerServices.RuntimeHelpers:RunClassConstructor (System.RuntimeTypeHandle)
UnityEditor.EditorAssemblies:ProcessInitializeOnLoadAttributes (System.Type[])

[Library/PackageCache/com.unity.probuilder@5.0.3/Editor/EditorCore/EditorUtility.cs line 575]

Mono: successfully reloaded assembly
- Completed reload, in  1.218 seconds
Domain Reload Profiling:
	ReloadAssembly (1219ms)
		BeginReloadAssembly (136ms)
			ExecutionOrderSort (0ms)
			DisableScriptedObjects (4ms)
			BackupInstance (0ms)
			ReleaseScriptingObjects (0ms)
			CreateAndSetChildDomain (38ms)
		EndReloadAssembly (1026ms)
			LoadAssemblies (99ms)
			RebuildTransferFunctionScriptingTraits (0ms)
			SetupTypeCache (354ms)
			ReleaseScriptCaches (1ms)
			RebuildScriptCaches (54ms)
			SetupLoadedEditorAssemblies (418ms)
				LogAssemblyErrors (0ms)
				InitializePlatformSupportModulesInManaged (5ms)
				SetLoadedEditorAssemblies (0ms)
				RefreshPlugins (1ms)
				BeforeProcessingInitializeOnLoad (59ms)
				ProcessInitializeOnLoadAttributes (343ms)
				ProcessInitializeOnLoadMethodAttributes (4ms)
				AfterProcessingInitializeOnLoad (5ms)
				EditorAssembliesLoaded (0ms)
			ExecutionOrderSort2 (0ms)
			AwakeInstancesAfterBackupRestoration (7ms)
Platform modules already initialized, skipping
Refreshing native plugins compatible for Editor in 1.02 ms, found 3 plugins.
Preloading 0 native plugins for Editor in 0.00 ms.
Unloading 3466 Unused Serialized files (Serialized files now loaded: 0)
System memory in use before: 142.8 MB.
System memory in use after: 143.1 MB.

Unloading 18 unused Assets to reduce memory usage. Loaded Objects now: 3996.
Total: 4.588300 ms (FindLiveObjects: 0.294000 ms CreateObjectMapping: 0.204000 ms MarkObjects: 4.066500 ms  DeleteObjects: 0.022400 ms)

AssetImportParameters requested are different than current active one (requested -> active):
  custom:framework-win-MediaFoundation: 216162199b28c13a410421893ffa2e32 -> 
  custom:video-decoder-ogg-theora: a1e56fd34408186e4bbccfd4996cb3dc -> 
  custom:container-muxer-webm: aa71ff27fc2769a1b78a27578f13a17b -> 
  custom:container-demuxer-webm: 4f35f7cbe854078d1ac9338744f61a02 -> 
  custom:container-demuxer-ogg: 62fdf1f143b41e24485cea50d1cbac27 -> 
  custom:video-encoder-webm-vp8: eb34c28f22e8b96e1ab97ce403110664 -> 
  custom:video-decoder-webm-vp8: 9c59270c3fd7afecdb556c50c9e8de78 -> 
  custom:audio-decoder-ogg-vorbis: bf7c407c2cedff20999df2af8eb42d56 -> 
  custom:audio-encoder-webm-vorbis: bf7c407c2cedff20999df2af8eb42d56 -> 
========================================================================
Received Import Request.
  Time since last request: 293.695288 seconds.
  path: Assets/mouselook.cs
  artifactKey: Guid(b917509fbfbcaf54fb982320f86e7062) Importer(815301076,1909f56bfc062723c751e8b465ee728b)
Start importing Assets/mouselook.cs using Guid(b917509fbfbcaf54fb982320f86e7062) Importer(815301076,1909f56bfc062723c751e8b465ee728b)  -> (artifact id: 'c323e1216c86cf6d12bd4dd0930b9ecf') in 0.016616 seconds 
========================================================================
Received Import Request.
  Time since last request: 78.990118 seconds.
  path: Assets/mouselook.cs
  artifactKey: Guid(b917509fbfbcaf54fb982320f86e7062) Importer(815301076,1909f56bfc062723c751e8b465ee728b)
Start importing Assets/mouselook.cs using Guid(b917509fbfbcaf54fb982320f86e7062) Importer(815301076,1909f56bfc062723c751e8b465ee728b)  -> (artifact id: '83ce8639419a9bb2d1469c9de93e6b0a') in 0.003104 seconds 
========================================================================
Received Import Request.
  Time since last request: 254.944938 seconds.
  path: Assets/mouselook.cs
  artifactKey: Guid(b917509fbfbcaf54fb982320f86e7062) Importer(815301076,1909f56bfc062723c751e8b465ee728b)
Start importing Assets/mouselook.cs using Guid(b917509fbfbcaf54fb982320f86e7062) Importer(815301076,1909f56bfc062723c751e8b465ee728b)  -> (artifact id: '6e1842524b351f2996055f5b56f9b745') in 0.004335 seconds 
========================================================================
Received Import Request.
  Time since last request: 18.704590 seconds.
  path: Assets/mouselook.cs
  artifactKey: Guid(b917509fbfbcaf54fb982320f86e7062) Importer(815301076,1909f56bfc062723c751e8b465ee728b)
Start importing Assets/mouselook.cs using Guid(b917509fbfbcaf54fb982320f86e7062) Importer(815301076,1909f56bfc062723c751e8b465ee728b)  -> (artifact id: '9358e9538345d9e3f165b9a1a0139d63') in 0.002463 seconds 
========================================================================
Received Prepare
Registering precompiled user dll's ...
Registered in 0.006069 seconds.
Begin MonoManager ReloadAssembly
Symbol file LoadedFromMemory doesn't match image C:\Users\lthomas13\New Unity Project\Library\PackageCache\com.unity.visualscripting@1.6.1\Editor\VisualScripting.Core\Dependencies\YamlDotNet\Unity.VisualScripting.YamlDotNet.dll
Symbol file LoadedFromMemory doesn't match image C:\Users\lthomas13\New Unity Project\Library\PackageCache\com.unity.visualscripting@1.6.1\Editor\VisualScripting.Core\Dependencies\DotNetZip\Unity.VisualScripting.IonicZip.dll
Native extension for WindowsStandalone target not found
Native extension for WebGL target not found
Refreshing native plugins compatible for Editor in 0.64 ms, found 3 plugins.
Preloading 0 native plugins for Editor in 0.00 ms.
Warning: Annotation not found!
UnityEngine.StackTraceUtility:ExtractStackTrace ()
UnityEditor.ProBuilder.EditorUtility:SetGizmoIconEnabled (System.Type,bool) (at Library/PackageCache/com.unity.probuilder@5.0.3/Editor/EditorCore/EditorUtility.cs:575)
UnityEditor.ProBuilder.HierarchyListener:.cctor () (at Library/PackageCache/com.unity.probuilder@5.0.3/Editor/EditorCore/HierarchyListener.cs:21)
System.Runtime.CompilerServices.RuntimeHelpers:RunClassConstructor (System.RuntimeTypeHandle)
UnityEditor.EditorAssemblies:ProcessInitializeOnLoadAttributes (System.Type[])

[Library/PackageCache/com.unity.probuilder@5.0.3/Editor/EditorCore/EditorUtility.cs line 575]

Mono: successfully reloaded assembly
- Completed reload, in  1.244 seconds
Domain Reload Profiling:
	ReloadAssembly (1244ms)
		BeginReloadAssembly (132ms)
			ExecutionOrderSort (0ms)
			DisableScriptedObjects (5ms)
			BackupInstance (0ms)
			ReleaseScriptingObjects (0ms)
			CreateAndSetChildDomain (41ms)
		EndReloadAssembly (1050ms)
			LoadAssemblies (98ms)
			RebuildTransferFunctionScriptingTraits (0ms)
			SetupTypeCache (372ms)
			ReleaseScriptCaches (1ms)
			RebuildScriptCaches (44ms)
			SetupLoadedEditorAssemblies (426ms)
				LogAssemblyErrors (0ms)
				InitializePlatformSupportModulesInManaged (5ms)
				SetLoadedEditorAssemblies (0ms)
				RefreshPlugins (1ms)
				BeforeProcessingInitializeOnLoad (68ms)
				ProcessInitializeOnLoadAttributes (342ms)
				ProcessInitializeOnLoadMethodAttributes (4ms)
				AfterProcessingInitializeOnLoad (6ms)
				EditorAssembliesLoaded (0ms)
			ExecutionOrderSort2 (0ms)
			AwakeInstancesAfterBackupRestoration (8ms)
Platform modules already initialized, skipping
Refreshing native plugins compatible for Editor in 0.97 ms, found 3 plugins.
Preloading 0 native plugins for Editor in 0.00 ms.
Unloading 3466 Unused Serialized files (Serialized files now loaded: 0)
System memory in use before: 142.9 MB.
System memory in use after: 143.1 MB.

Unloading 18 unused Assets to reduce memory usage. Loaded Objects now: 3999.
Total: 5.195900 ms (FindLiveObjects: 0.353500 ms CreateObjectMapping: 0.460600 ms MarkObjects: 4.343000 ms  DeleteObjects: 0.037400 ms)

AssetImportParameters requested are different than current active one (requested -> active):
  custom:framework-win-MediaFoundation: 216162199b28c13a410421893ffa2e32 -> 
  custom:video-decoder-ogg-theora: a1e56fd34408186e4bbccfd4996cb3dc -> 
  custom:container-muxer-webm: aa71ff27fc2769a1b78a27578f13a17b -> 
  custom:container-demuxer-webm: 4f35f7cbe854078d1ac9338744f61a02 -> 
  custom:container-demuxer-ogg: 62fdf1f143b41e24485cea50d1cbac27 -> 
  custom:video-encoder-webm-vp8: eb34c28f22e8b96e1ab97ce403110664 -> 
  custom:video-decoder-webm-vp8: 9c59270c3fd7afecdb556c50c9e8de78 -> 
  custom:audio-decoder-ogg-vorbis: bf7c407c2cedff20999df2af8eb42d56 -> 
  custom:audio-encoder-webm-vorbis: bf7c407c2cedff20999df2af8eb42d56 -> 
========================================================================
Received Import Request.
  Time since last request: 62.543489 seconds.
  path: Assets/mouselook.cs
  artifactKey: Guid(b917509fbfbcaf54fb982320f86e7062) Importer(815301076,1909f56bfc062723c751e8b465ee728b)
Start importing Assets/mouselook.cs using Guid(b917509fbfbcaf54fb982320f86e7062) Importer(815301076,1909f56bfc062723c751e8b465ee728b)  -> (artifact id: '6a147fd2eb4b7f3db6fba1b5ffa1de18') in 0.006616 seconds 
========================================================================
Received Prepare
Registering precompiled user dll's ...
Registered in 0.006269 seconds.
Begin MonoManager ReloadAssembly
Symbol file LoadedFromMemory doesn't match image C:\Users\lthomas13\New Unity Project\Library\PackageCache\com.unity.visualscripting@1.6.1\Editor\VisualScripting.Core\Dependencies\YamlDotNet\Unity.VisualScripting.YamlDotNet.dll
Symbol file LoadedFromMemory doesn't match image C:\Users\lthomas13\New Unity Project\Library\PackageCache\com.unity.visualscripting@1.6.1\Editor\VisualScripting.Core\Dependencies\DotNetZip\Unity.VisualScripting.IonicZip.dll
Native extension for WindowsStandalone target not found
Native extension for WebGL target not found
Refreshing native plugins compatible for Editor in 0.64 ms, found 3 plugins.
Preloading 0 native plugins for Editor in 0.00 ms.
Warning: Annotation not found!
UnityEngine.StackTraceUtility:ExtractStackTrace ()
UnityEditor.ProBuilder.EditorUtility:SetGizmoIconEnabled (System.Type,bool) (at Library/PackageCache/com.unity.probuilder@5.0.3/Editor/EditorCore/EditorUtility.cs:575)
UnityEditor.ProBuilder.HierarchyListener:.cctor () (at Library/PackageCache/com.unity.probuilder@5.0.3/Editor/EditorCore/HierarchyListener.cs:21)
System.Runtime.CompilerServices.RuntimeHelpers:RunClassConstructor (System.RuntimeTypeHandle)
UnityEditor.EditorAssemblies:ProcessInitializeOnLoadAttributes (System.Type[])

[Library/PackageCache/com.unity.probuilder@5.0.3/Editor/EditorCore/EditorUtility.cs line 575]

Mono: successfully reloaded assembly
- Completed reload, in  1.235 seconds
Domain Reload Profiling:
	ReloadAssembly (1235ms)
		BeginReloadAssembly (129ms)
			ExecutionOrderSort (0ms)
			DisableScriptedObjects (4ms)
			BackupInstance (0ms)
			ReleaseScriptingObjects (0ms)
			CreateAndSetChildDomain (40ms)
		EndReloadAssembly (1048ms)
			LoadAssemblies (93ms)
			RebuildTransferFunctionScriptingTraits (0ms)
			SetupTypeCache (370ms)
			ReleaseScriptCaches (1ms)
			RebuildScriptCaches (48ms)
			SetupLoadedEditorAssemblies (402ms)
				LogAssemblyErrors (0ms)
				InitializePlatformSupportModulesInManaged (5ms)
				SetLoadedEditorAssemblies (0ms)
				RefreshPlugins (1ms)
				BeforeProcessingInitializeOnLoad (58ms)
				ProcessInitializeOnLoadAttributes (327ms)
				ProcessInitializeOnLoadMethodAttributes (4ms)
				AfterProcessingInitializeOnLoad (5ms)
				EditorAssembliesLoaded (0ms)
			ExecutionOrderSort2 (0ms)
			AwakeInstancesAfterBackupRestoration (7ms)
Platform modules already initialized, skipping
Refreshing native plugins compatible for Editor in 0.68 ms, found 3 plugins.
Preloading 0 native plugins for Editor in 0.00 ms.
Unloading 3468 Unused Serialized files (Serialized files now loaded: 0)
System memory in use before: 143.0 MB.
System memory in use after: 143.2 MB.

Unloading 18 unused Assets to reduce memory usage. Loaded Objects now: 4003.
Total: 3.943600 ms (FindLiveObjects: 0.266600 ms CreateObjectMapping: 0.269300 ms MarkObjects: 3.374600 ms  DeleteObjects: 0.032100 ms)

AssetImportParameters requested are different than current active one (requested -> active):
  custom:framework-win-MediaFoundation: 216162199b28c13a410421893ffa2e32 -> 
  custom:video-decoder-ogg-theora: a1e56fd34408186e4bbccfd4996cb3dc -> 
  custom:container-muxer-webm: aa71ff27fc2769a1b78a27578f13a17b -> 
  custom:container-demuxer-webm: 4f35f7cbe854078d1ac9338744f61a02 -> 
  custom:container-demuxer-ogg: 62fdf1f143b41e24485cea50d1cbac27 -> 
  custom:video-encoder-webm-vp8: eb34c28f22e8b96e1ab97ce403110664 -> 
  custom:video-decoder-webm-vp8: 9c59270c3fd7afecdb556c50c9e8de78 -> 
  custom:audio-decoder-ogg-vorbis: bf7c407c2cedff20999df2af8eb42d56 -> 
  custom:audio-encoder-webm-vorbis: bf7c407c2cedff20999df2af8eb42d56 -> 
========================================================================
Received Prepare
Registering precompiled user dll's ...
Registered in 0.006212 seconds.
Begin MonoManager ReloadAssembly
Symbol file LoadedFromMemory doesn't match image C:\Users\lthomas13\New Unity Project\Library\PackageCache\com.unity.visualscripting@1.6.1\Editor\VisualScripting.Core\Dependencies\YamlDotNet\Unity.VisualScripting.YamlDotNet.dll
Symbol file LoadedFromMemory doesn't match image C:\Users\lthomas13\New Unity Project\Library\PackageCache\com.unity.visualscripting@1.6.1\Editor\VisualScripting.Core\Dependencies\DotNetZip\Unity.VisualScripting.IonicZip.dll
Native extension for WindowsStandalone target not found
Native extension for WebGL target not found
Refreshing native plugins compatible for Editor in 0.63 ms, found 3 plugins.
Preloading 0 native plugins for Editor in 0.00 ms.
Warning: Annotation not found!
UnityEngine.StackTraceUtility:ExtractStackTrace ()
UnityEditor.ProBuilder.EditorUtility:SetGizmoIconEnabled (System.Type,bool) (at Library/PackageCache/com.unity.probuilder@5.0.3/Editor/EditorCore/EditorUtility.cs:575)
UnityEditor.ProBuilder.HierarchyListener:.cctor () (at Library/PackageCache/com.unity.probuilder@5.0.3/Editor/EditorCore/HierarchyListener.cs:21)
System.Runtime.CompilerServices.RuntimeHelpers:RunClassConstructor (System.RuntimeTypeHandle)
UnityEditor.EditorAssemblies:ProcessInitializeOnLoadAttributes (System.Type[])

[Library/PackageCache/com.unity.probuilder@5.0.3/Editor/EditorCore/EditorUtility.cs line 575]

Mono: successfully reloaded assembly
- Completed reload, in  1.180 seconds
Domain Reload Profiling:
	ReloadAssembly (1180ms)
		BeginReloadAssembly (133ms)
			ExecutionOrderSort (0ms)
			DisableScriptedObjects (4ms)
			BackupInstance (0ms)
			ReleaseScriptingObjects (0ms)
			CreateAndSetChildDomain (41ms)
		EndReloadAssembly (989ms)
			LoadAssemblies (101ms)
			RebuildTransferFunctionScriptingTraits (0ms)
			SetupTypeCache (350ms)
			ReleaseScriptCaches (1ms)
			RebuildScriptCaches (47ms)
			SetupLoadedEditorAssemblies (399ms)
				LogAssemblyErrors (0ms)
				InitializePlatformSupportModulesInManaged (6ms)
				SetLoadedEditorAssemblies (0ms)
				RefreshPlugins (1ms)
				BeforeProcessingInitializeOnLoad (58ms)
				ProcessInitializeOnLoadAttributes (325ms)
				ProcessInitializeOnLoadMethodAttributes (4ms)
				AfterProcessingInitializeOnLoad (5ms)
				EditorAssembliesLoaded (0ms)
			ExecutionOrderSort2 (0ms)
			AwakeInstancesAfterBackupRestoration (7ms)
Platform modules already initialized, skipping
Refreshing native plugins compatible for Editor in 0.65 ms, found 3 plugins.
Preloading 0 native plugins for Editor in 0.00 ms.
Unloading 3468 Unused Serialized files (Serialized files now loaded: 0)
System memory in use before: 143.0 MB.
System memory in use after: 143.2 MB.

Unloading 18 unused Assets to reduce memory usage. Loaded Objects now: 4005.
Total: 3.886100 ms (FindLiveObjects: 0.272600 ms CreateObjectMapping: 0.136500 ms MarkObjects: 3.436800 ms  DeleteObjects: 0.039100 ms)

AssetImportParameters requested are different than current active one (requested -> active):
  custom:framework-win-MediaFoundation: 216162199b28c13a410421893ffa2e32 -> 
  custom:video-decoder-ogg-theora: a1e56fd34408186e4bbccfd4996cb3dc -> 
  custom:container-muxer-webm: aa71ff27fc2769a1b78a27578f13a17b -> 
  custom:container-demuxer-webm: 4f35f7cbe854078d1ac9338744f61a02 -> 
  custom:container-demuxer-ogg: 62fdf1f143b41e24485cea50d1cbac27 -> 
  custom:video-encoder-webm-vp8: eb34c28f22e8b96e1ab97ce403110664 -> 
  custom:video-decoder-webm-vp8: 9c59270c3fd7afecdb556c50c9e8de78 -> 
  custom:audio-decoder-ogg-vorbis: bf7c407c2cedff20999df2af8eb42d56 -> 
  custom:audio-encoder-webm-vorbis: bf7c407c2cedff20999df2af8eb42d56 -> 
========================================================================
Received Import Request.
  Time since last request: 154.926061 seconds.
  path: Assets/mouselook.cs
  artifactKey: Guid(b917509fbfbcaf54fb982320f86e7062) Importer(2089858483,934ff659095e30574adcf32a4c2f97b5)
Start importing Assets/mouselook.cs using Guid(b917509fbfbcaf54fb982320f86e7062) Importer(2089858483,934ff659095e30574adcf32a4c2f97b5)  -> (artifact id: '7f1a91f483e8761f0efc51dbb4514f30') in 0.061957 seconds 
========================================================================
Received Import Request.
  Time since last request: 0.000308 seconds.
  path: Assets/supergen-assets/supergen-assets/birds.svg
  artifactKey: Guid(edc290282055c1f4695928e304d4f9a4) Importer(2089858483,934ff659095e30574adcf32a4c2f97b5)
Start importing Assets/supergen-assets/supergen-assets/birds.svg using Guid(edc290282055c1f4695928e304d4f9a4) Importer(2089858483,934ff659095e30574adcf32a4c2f97b5)  -> (artifact id: '33b1beb95d7dcea6a19848547d29bdf6') in 0.018600 seconds 
========================================================================
Received Import Request.
  Time since last request: 0.000314 seconds.
  path: Assets/supergen-assets/supergen-assets/fish.svg
  artifactKey: Guid(c9033555b71f46e418b7bf9924ec30d2) Importer(2089858483,934ff659095e30574adcf32a4c2f97b5)
Start importing Assets/supergen-assets/supergen-assets/fish.svg using Guid(c9033555b71f46e418b7bf9924ec30d2) Importer(2089858483,934ff659095e30574adcf32a4c2f97b5)  -> (artifact id: '103307d32b9ef1633cd0511c49fd51f6') in 0.011603 seconds 
========================================================================
Received Import Request.
  Time since last request: 0.000285 seconds.
  path: Assets/supergen-assets/supergen-assets/tidal-turbine.svg
  artifactKey: Guid(71aec17add0a0874e879b4f1ec9642c6) Importer(2089858483,934ff659095e30574adcf32a4c2f97b5)
Start importing Assets/supergen-assets/supergen-assets/tidal-turbine.svg using Guid(71aec17add0a0874e879b4f1ec9642c6) Importer(2089858483,934ff659095e30574adcf32a4c2f97b5)  -> (artifact id: '9347f6d09bef458aaf3a699647626d4a') in 0.012199 seconds 
========================================================================
Received Import Request.
  Time since last request: 0.000271 seconds.
  path: Assets/New Terrain.asset
  artifactKey: Guid(78fe9bb801bcd2540a9a7b5c4ec90278) Importer(2089858483,934ff659095e30574adcf32a4c2f97b5)
Start importing Assets/New Terrain.asset using Guid(78fe9bb801bcd2540a9a7b5c4ec90278) Importer(2089858483,934ff659095e30574adcf32a4c2f97b5)  -> (artifact id: '2d18865bdceef381960b5edd10687c98') in 0.010329 seconds 
========================================================================
Received Import Request.
  Time since last request: 0.000250 seconds.
  path: Assets/supergen-assets/supergen-assets/birds.png
  artifactKey: Guid(09b8dcfa102ed1443b6589a9b0fe46f0) Importer(2089858483,934ff659095e30574adcf32a4c2f97b5)
Start importing Assets/supergen-assets/supergen-assets/birds.png using Guid(09b8dcfa102ed1443b6589a9b0fe46f0) Importer(2089858483,934ff659095e30574adcf32a4c2f97b5)  -> (artifact id: '7b15129a33dc94930b4ddab9fafb5b3f') in 0.050464 seconds 
========================================================================
Received Import Request.
  Time since last request: 0.000187 seconds.
  path: Assets/supergen-assets/supergen-assets/offshore-turbine.png
  artifactKey: Guid(277afa4f29a014343ac36f79cbdbe7be) Importer(2089858483,934ff659095e30574adcf32a4c2f97b5)
Start importing Assets/supergen-assets/supergen-assets/offshore-turbine.png using Guid(277afa4f29a014343ac36f79cbdbe7be) Importer(2089858483,934ff659095e30574adcf32a4c2f97b5)  -> (artifact id: 'a3ef9cd95554c94332f55a680354938f') in 0.008692 seconds 
========================================================================
Received Import Request.
  Time since last request: 0.000216 seconds.
  path: Assets/Scprit/move.cs
  artifactKey: Guid(cfa6910054c439446b31548ff6789f92) Importer(2089858483,934ff659095e30574adcf32a4c2f97b5)
Start importing Assets/Scprit/move.cs using Guid(cfa6910054c439446b31548ff6789f92) Importer(2089858483,934ff659095e30574adcf32a4c2f97b5)  -> (artifact id: 'da7cb6a805858cabbed435a4c42632b9') in 0.011865 seconds 
========================================================================
Received Import Request.
  Time since last request: 0.000287 seconds.
  path: Assets/supergen-assets/supergen-assets/wave-energy-1.png
  artifactKey: Guid(fb2765c587ca5154e851fda0de3eeadf) Importer(2089858483,934ff659095e30574adcf32a4c2f97b5)
Start importing Assets/supergen-assets/supergen-assets/wave-energy-1.png using Guid(fb2765c587ca5154e851fda0de3eeadf) Importer(2089858483,934ff659095e30574adcf32a4c2f97b5)  -> (artifact id: '121b244a940d1283703c848c8ffc26ed') in 0.010304 seconds 
========================================================================
Received Import Request.
  Time since last request: 0.000272 seconds.
  path: Assets/supergen-assets/supergen-assets/tidal-turbine.png
  artifactKey: Guid(d2d2f4aa375ed4b469d53c72b341214b) Importer(2089858483,934ff659095e30574adcf32a4c2f97b5)
Start importing Assets/supergen-assets/supergen-assets/tidal-turbine.png using Guid(d2d2f4aa375ed4b469d53c72b341214b) Importer(2089858483,934ff659095e30574adcf32a4c2f97b5)  -> (artifact id: 'c517b449b962f2975c2c837e5c8b64e2') in 0.012097 seconds 
========================================================================
Received Import Request.
  Time since last request: 0.000285 seconds.
  path: Assets/Scenes/SampleScene.unity
  artifactKey: Guid(9fc0d4010bbf28b4594072e72b8655ab) Importer(2089858483,934ff659095e30574adcf32a4c2f97b5)
Start importing Assets/Scenes/SampleScene.unity using Guid(9fc0d4010bbf28b4594072e72b8655ab) Importer(2089858483,934ff659095e30574adcf32a4c2f97b5)  -> (artifact id: 'a943ca76605e95e204edbdf46549b2b3') in 0.010943 seconds 
========================================================================
Received Import Request.
  Time since last request: 0.000287 seconds.
  path: Assets/supergen-assets/supergen-assets/boat.png
  artifactKey: Guid(c053ab28c2f64d44c8750012492c5b6f) Importer(2089858483,934ff659095e30574adcf32a4c2f97b5)
Start importing Assets/supergen-assets/supergen-assets/boat.png using Guid(c053ab28c2f64d44c8750012492c5b6f) Importer(2089858483,934ff659095e30574adcf32a4c2f97b5)  -> (artifact id: '067f3150ffd974e146d1b50e92e1e45d') in 0.009805 seconds 
========================================================================
Received Import Request.
  Time since last request: 0.000304 seconds.
  path: Assets/supergen-assets/supergen-assets/offshore-turbine.svg
  artifactKey: Guid(75bb43bed2c85064688e0342ed8a59a3) Importer(2089858483,934ff659095e30574adcf32a4c2f97b5)
Start importing Assets/supergen-assets/supergen-assets/offshore-turbine.svg using Guid(75bb43bed2c85064688e0342ed8a59a3) Importer(2089858483,934ff659095e30574adcf32a4c2f97b5)  -> (artifact id: '43abb12aa7234e63d7f21841053a0073') in 0.008724 seconds 
========================================================================
Received Import Request.
  Time since last request: 0.000271 seconds.
  path: Assets/supergen-assets/supergen-assets/wave-energy-2.png
  artifactKey: Guid(0cd1d13f0dee7d5439c2a559be582c55) Importer(2089858483,934ff659095e30574adcf32a4c2f97b5)
Start importing Assets/supergen-assets/supergen-assets/wave-energy-2.png using Guid(0cd1d13f0dee7d5439c2a559be582c55) Importer(2089858483,934ff659095e30574adcf32a4c2f97b5)  -> (artifact id: 'e960a6bbbcf407bb82fd4b6bac0a8b30') in 0.010156 seconds 
========================================================================
Received Import Request.
  Time since last request: 0.000255 seconds.
  path: Assets/Scprit/playermovement.cs
  artifactKey: Guid(4dbb1470e5efe1848b75ddd1d774f87f) Importer(2089858483,934ff659095e30574adcf32a4c2f97b5)
Start importing Assets/Scprit/playermovement.cs using Guid(4dbb1470e5efe1848b75ddd1d774f87f) Importer(2089858483,934ff659095e30574adcf32a4c2f97b5)  -> (artifact id: '2f6faea4d72790ee6469fbce71cf4386') in 0.009631 seconds 
========================================================================
Received Import Request.
  Time since last request: 0.000309 seconds.
  path: Assets/supergen-assets/supergen-assets/boat.svg
  artifactKey: Guid(c70382f1b8b564e40af458031b73cff0) Importer(2089858483,934ff659095e30574adcf32a4c2f97b5)
Start importing Assets/supergen-assets/supergen-assets/boat.svg using Guid(c70382f1b8b564e40af458031b73cff0) Importer(2089858483,934ff659095e30574adcf32a4c2f97b5)  -> (artifact id: 'f1b94d9b3d8492ee71c3b64ef878775a') in 0.010551 seconds 
========================================================================
Received Import Request.
  Time since last request: 0.000283 seconds.
  path: Assets/playmaterial.mat
  artifactKey: Guid(3f7bb0cb03931754995dacdb170d67b7) Importer(2089858483,934ff659095e30574adcf32a4c2f97b5)
Start importing Assets/playmaterial.mat using Guid(3f7bb0cb03931754995dacdb170d67b7) Importer(2089858483,934ff659095e30574adcf32a4c2f97b5)  -> (artifact id: '8a17bb791a5111a3d1322f92a2667c1f') in 0.009671 seconds 
========================================================================
Received Import Request.
  Time since last request: 0.000338 seconds.
  path: Assets/supergen-assets/supergen-assets/fish.png
  artifactKey: Guid(e3b4be2ffa604c04fab53cc6dfead8ec) Importer(2089858483,934ff659095e30574adcf32a4c2f97b5)
Start importing Assets/supergen-assets/supergen-assets/fish.png using Guid(e3b4be2ffa604c04fab53cc6dfead8ec) Importer(2089858483,934ff659095e30574adcf32a4c2f97b5)  -> (artifact id: 'df0c0b108e029e4eccc089ca063c1d36') in 0.007647 seconds 
========================================================================
Received Import Request.
  Time since last request: 0.000315 seconds.
  path: Assets/supergen-assets/supergen-assets/wave-energy-2.svg
  artifactKey: Guid(482e8722923c64043a847c61d9e40ce3) Importer(2089858483,934ff659095e30574adcf32a4c2f97b5)
Start importing Assets/supergen-assets/supergen-assets/wave-energy-2.svg using Guid(482e8722923c64043a847c61d9e40ce3) Importer(2089858483,934ff659095e30574adcf32a4c2f97b5)  -> (artifact id: '7dc5e0a52fbad3b888ce38505dc110f0') in 0.008882 seconds 
========================================================================
Received Import Request.
  Time since last request: 0.000313 seconds.
  path: Assets/supergen-assets/supergen-assets/wave-energy-1.svg
  artifactKey: Guid(9777800a869e98340a83308495bf8b59) Importer(2089858483,934ff659095e30574adcf32a4c2f97b5)
Start importing Assets/supergen-assets/supergen-assets/wave-energy-1.svg using Guid(9777800a869e98340a83308495bf8b59) Importer(2089858483,934ff659095e30574adcf32a4c2f97b5)  -> (artifact id: 'e4db85d3f5a6efb0bb7145573c49087f') in 0.007527 seconds 
AssetImportWorkerClient::OnTransportError - code=2 error=End of file
